<?xml version="1.0" encoding="UTF-8" ?>
<testsuites name="vitest tests" tests="0" failures="0" errors="0" time="0">
</testsuites>
